[debug] [2024-08-19T16:30:36.494Z] ----------------------------------------------------------------------
[debug] [2024-08-19T16:30:36.496Z] Command:       C:\Program Files\nodejs\node.exe C:\Users\sisum\AppData\Roaming\npm\node_modules\firebase-tools\lib\bin\firebase.js init
[debug] [2024-08-19T16:30:36.497Z] CLI Version:   13.15.2
[debug] [2024-08-19T16:30:36.497Z] Platform:      win32
[debug] [2024-08-19T16:30:36.497Z] Node Version:  v22.2.0
[debug] [2024-08-19T16:30:36.497Z] Time:          Mon Aug 19 2024 19:30:36 GMT+0300 (Eastern European Summer Time)
[debug] [2024-08-19T16:30:36.497Z] ----------------------------------------------------------------------
[debug] 
[debug] [2024-08-19T16:30:36.504Z] > command requires scopes: ["email","openid","https://www.googleapis.com/auth/cloudplatformprojects.readonly","https://www.googleapis.com/auth/firebase","https://www.googleapis.com/auth/cloud-platform"]
[debug] [2024-08-19T16:30:36.504Z] > authorizing via signed-in user (sisu.majala@gmail.com)
[info] 
     ######## #### ########  ######## ########     ###     ######  ########
     ##        ##  ##     ## ##       ##     ##  ##   ##  ##       ##
     ######    ##  ########  ######   ########  #########  ######  ######
     ##        ##  ##    ##  ##       ##     ## ##     ##       ## ##
     ##       #### ##     ## ######## ########  ##     ##  ######  ########

You're about to initialize a Firebase project in this directory:

  C:\Users\sisum\OneDrive\Työpöytä\unto-project

[info] 
=== Project Setup
[info] 
[info] First, let's associate this project directory with a Firebase project.
[info] You can create multiple project aliases by running firebase use --add, 
[info] but for now we'll just set up a default project.
[info] 
[debug] [2024-08-19T16:31:18.546Z] > refreshing access token with scopes: []
[debug] [2024-08-19T16:31:18.548Z] >>> [apiv2][query] POST https://www.googleapis.com/oauth2/v3/token [none]
[debug] [2024-08-19T16:31:18.548Z] >>> [apiv2][body] POST https://www.googleapis.com/oauth2/v3/token [omitted]
[debug] [2024-08-19T16:31:18.655Z] <<< [apiv2][status] POST https://www.googleapis.com/oauth2/v3/token 200
[debug] [2024-08-19T16:31:18.655Z] <<< [apiv2][body] POST https://www.googleapis.com/oauth2/v3/token [omitted]
[debug] [2024-08-19T16:31:18.665Z] >>> [apiv2][query] GET https://firebase.googleapis.com/v1beta1/projects pageSize=100
[debug] [2024-08-19T16:31:19.110Z] <<< [apiv2][status] GET https://firebase.googleapis.com/v1beta1/projects 200
[debug] [2024-08-19T16:31:19.110Z] <<< [apiv2][body] GET https://firebase.googleapis.com/v1beta1/projects [omitted]
[info] i  Using project dreamlog-7dff3 (DreamLog) 
[info] 
=== Database Setup
[info] i  database: ensuring required API firebasedatabase.googleapis.com is enabled... 
[debug] [2024-08-19T16:31:23.681Z] >>> [apiv2][query] GET https://serviceusage.googleapis.com/v1/projects/dreamlog-7dff3/services/firebasedatabase.googleapis.com [none]
[debug] [2024-08-19T16:31:23.681Z] >>> [apiv2][(partial)header] GET https://serviceusage.googleapis.com/v1/projects/dreamlog-7dff3/services/firebasedatabase.googleapis.com x-goog-quota-user=projects/dreamlog-7dff3
[debug] [2024-08-19T16:31:24.636Z] <<< [apiv2][status] GET https://serviceusage.googleapis.com/v1/projects/dreamlog-7dff3/services/firebasedatabase.googleapis.com 200
[debug] [2024-08-19T16:31:24.636Z] <<< [apiv2][body] GET https://serviceusage.googleapis.com/v1/projects/dreamlog-7dff3/services/firebasedatabase.googleapis.com [omitted]
[info] +  database: required API firebasedatabase.googleapis.com is enabled 
[info] 
[debug] [2024-08-19T16:31:24.637Z] >>> [apiv2][query] GET https://firebasedatabase.googleapis.com/v1beta/projects/dreamlog-7dff3/locations/-/instances/dreamlog-7dff3-default-rtdb [none]
[debug] [2024-08-19T16:31:25.629Z] <<< [apiv2][status] GET https://firebasedatabase.googleapis.com/v1beta/projects/dreamlog-7dff3/locations/-/instances/dreamlog-7dff3-default-rtdb 200
[debug] [2024-08-19T16:31:25.629Z] <<< [apiv2][body] GET https://firebasedatabase.googleapis.com/v1beta/projects/dreamlog-7dff3/locations/-/instances/dreamlog-7dff3-default-rtdb {"name":"projects/5989316723/locations/europe-west1/instances/dreamlog-7dff3-default-rtdb","project":"projects/5989316723","databaseUrl":"https://dreamlog-7dff3-default-rtdb.europe-west1.firebasedatabase.app","type":"DEFAULT_DATABASE","state":"ACTIVE"}
[info] 
[info] Firebase Realtime Database Security Rules allow you to define how your data should be
[info] structured and when your data can be read from and written to.
[info] 
[debug] [2024-08-19T16:31:31.089Z] >>> [apiv2][query] GET https://dreamlog-7dff3-default-rtdb.europe-west1.firebasedatabase.app/.settings/rules.json [none]
[debug] [2024-08-19T16:31:31.221Z] <<< [apiv2][status] GET https://dreamlog-7dff3-default-rtdb.europe-west1.firebasedatabase.app/.settings/rules.json 200
[debug] [2024-08-19T16:31:31.222Z] <<< [apiv2][body] GET https://dreamlog-7dff3-default-rtdb.europe-west1.firebasedatabase.app/.settings/rules.json [stream]
[info] +  Database Rules for dreamlog-7dff3-default-rtdb have been written to database.rules.json. 
[info] Future modifications to database.rules.json will update Realtime Database Security Rules when you run
[info] firebase deploy.
[info] 
=== Firestore Setup
[debug] [2024-08-19T16:31:31.224Z] >>> [apiv2][query] GET https://serviceusage.googleapis.com/v1/projects/dreamlog-7dff3/services/firestore.googleapis.com [none]
[debug] [2024-08-19T16:31:31.224Z] >>> [apiv2][(partial)header] GET https://serviceusage.googleapis.com/v1/projects/dreamlog-7dff3/services/firestore.googleapis.com x-goog-quota-user=projects/dreamlog-7dff3
[debug] [2024-08-19T16:31:32.148Z] <<< [apiv2][status] GET https://serviceusage.googleapis.com/v1/projects/dreamlog-7dff3/services/firestore.googleapis.com 200
[debug] [2024-08-19T16:31:32.148Z] <<< [apiv2][body] GET https://serviceusage.googleapis.com/v1/projects/dreamlog-7dff3/services/firestore.googleapis.com [omitted]
[debug] [2024-08-19T16:31:32.148Z] >>> [apiv2][query] GET https://firestore.googleapis.com/v1/projects/dreamlog-7dff3/databases/(default) [none]
[debug] [2024-08-19T16:31:32.461Z] <<< [apiv2][status] GET https://firestore.googleapis.com/v1/projects/dreamlog-7dff3/databases/(default) 200
[debug] [2024-08-19T16:31:32.461Z] <<< [apiv2][body] GET https://firestore.googleapis.com/v1/projects/dreamlog-7dff3/databases/(default) {"name":"projects/dreamlog-7dff3/databases/(default)","uid":"f6c66c66-6758-4e4d-900c-f2810344b824","createTime":"2024-06-11T10:08:09.904123Z","updateTime":"2024-06-11T10:08:09.904123Z","locationId":"eur3","type":"FIRESTORE_NATIVE","concurrencyMode":"PESSIMISTIC","versionRetentionPeriod":"3600s","earliestVersionTime":"2024-08-19T15:31:32.612953Z","appEngineIntegrationMode":"DISABLED","keyPrefix":"e","pointInTimeRecoveryEnablement":"POINT_IN_TIME_RECOVERY_DISABLED","deleteProtectionState":"DELETE_PROTECTION_DISABLED","etag":"IJryh7y9gYgDMJDolvSu04YD"}
[debug] [2024-08-19T16:31:32.461Z] database_type: FIRESTORE_NATIVE
[debug] [2024-08-19T16:31:32.461Z] > command requires scopes: ["email","openid","https://www.googleapis.com/auth/cloudplatformprojects.readonly","https://www.googleapis.com/auth/firebase","https://www.googleapis.com/auth/cloud-platform"]
[debug] [2024-08-19T16:31:32.461Z] > authorizing via signed-in user (sisu.majala@gmail.com)
[debug] [2024-08-19T16:31:32.462Z] [iam] checking project dreamlog-7dff3 for permissions ["firebase.projects.get"]
[debug] [2024-08-19T16:31:32.462Z] >>> [apiv2][query] POST https://cloudresourcemanager.googleapis.com/v1/projects/dreamlog-7dff3:testIamPermissions [none]
[debug] [2024-08-19T16:31:32.462Z] >>> [apiv2][(partial)header] POST https://cloudresourcemanager.googleapis.com/v1/projects/dreamlog-7dff3:testIamPermissions x-goog-quota-user=projects/dreamlog-7dff3
[debug] [2024-08-19T16:31:32.462Z] >>> [apiv2][body] POST https://cloudresourcemanager.googleapis.com/v1/projects/dreamlog-7dff3:testIamPermissions {"permissions":["firebase.projects.get"]}
[debug] [2024-08-19T16:31:32.648Z] <<< [apiv2][status] POST https://cloudresourcemanager.googleapis.com/v1/projects/dreamlog-7dff3:testIamPermissions 200
[debug] [2024-08-19T16:31:32.648Z] <<< [apiv2][body] POST https://cloudresourcemanager.googleapis.com/v1/projects/dreamlog-7dff3:testIamPermissions {"permissions":["firebase.projects.get"]}
[info] 
[info] Firestore Security Rules allow you to define how and when to allow
[info] requests. You can keep these rules in your project directory
[info] and publish them with firebase deploy.
[info] 
[debug] [2024-08-19T16:31:36.668Z] >>> [apiv2][query] GET https://firebaserules.googleapis.com/v1/projects/dreamlog-7dff3/releases pageSize=10&pageToken=
[debug] [2024-08-19T16:31:37.467Z] <<< [apiv2][status] GET https://firebaserules.googleapis.com/v1/projects/dreamlog-7dff3/releases 200
[debug] [2024-08-19T16:31:37.467Z] <<< [apiv2][body] GET https://firebaserules.googleapis.com/v1/projects/dreamlog-7dff3/releases {"releases":[{"name":"projects/dreamlog-7dff3/releases/cloud.firestore","rulesetName":"projects/dreamlog-7dff3/rulesets/0ecc002e-91ed-476f-8409-0613864e9d00","createTime":"2024-06-11T10:08:14.169040Z","updateTime":"2024-08-02T19:35:35.060244Z"}]}
[debug] [2024-08-19T16:31:37.467Z] Found ruleset: projects/dreamlog-7dff3/rulesets/0ecc002e-91ed-476f-8409-0613864e9d00
[debug] [2024-08-19T16:31:37.467Z] >>> [apiv2][query] GET https://firebaserules.googleapis.com/v1/projects/dreamlog-7dff3/rulesets/0ecc002e-91ed-476f-8409-0613864e9d00 [none]
[debug] [2024-08-19T16:31:38.243Z] <<< [apiv2][status] GET https://firebaserules.googleapis.com/v1/projects/dreamlog-7dff3/rulesets/0ecc002e-91ed-476f-8409-0613864e9d00 200
[debug] [2024-08-19T16:31:38.244Z] <<< [apiv2][body] GET https://firebaserules.googleapis.com/v1/projects/dreamlog-7dff3/rulesets/0ecc002e-91ed-476f-8409-0613864e9d00 [omitted]
[info] 
[info] Firestore indexes allow you to perform complex queries while
[info] maintaining performance that scales with the size of the result
[info] set. You can keep index definitions in your project directory
[info] and publish them with firebase deploy.
[info] 
[debug] [2024-08-19T16:31:41.696Z] >>> [apiv2][query] GET https://firestore.googleapis.com/v1/projects/dreamlog-7dff3/databases/(default)/collectionGroups/-/indexes [none]
[debug] [2024-08-19T16:31:41.697Z] >>> [apiv2][query] GET https://firestore.googleapis.com/v1/projects/dreamlog-7dff3/databases/(default)/collectionGroups/-/fields?filter=indexConfig.usesAncestorConfig=false OR ttlConfig:* [none]
[debug] [2024-08-19T16:31:41.944Z] <<< [apiv2][status] GET https://firestore.googleapis.com/v1/projects/dreamlog-7dff3/databases/(default)/collectionGroups/-/indexes 200
[debug] [2024-08-19T16:31:41.944Z] <<< [apiv2][body] GET https://firestore.googleapis.com/v1/projects/dreamlog-7dff3/databases/(default)/collectionGroups/-/indexes {}
[debug] [2024-08-19T16:31:41.999Z] <<< [apiv2][status] GET https://firestore.googleapis.com/v1/projects/dreamlog-7dff3/databases/(default)/collectionGroups/-/fields?filter=indexConfig.usesAncestorConfig=false OR ttlConfig:* 200
[debug] [2024-08-19T16:31:41.999Z] <<< [apiv2][body] GET https://firestore.googleapis.com/v1/projects/dreamlog-7dff3/databases/(default)/collectionGroups/-/fields?filter=indexConfig.usesAncestorConfig=false OR ttlConfig:* {"fields":[{"name":"projects/dreamlog-7dff3/databases/(default)/collectionGroups/__default__/fields/*","indexConfig":{"indexes":[{"queryScope":"COLLECTION","fields":[{"fieldPath":"*","order":"ASCENDING"}],"state":"READY"},{"queryScope":"COLLECTION","fields":[{"fieldPath":"*","order":"DESCENDING"}],"state":"READY"},{"queryScope":"COLLECTION","fields":[{"fieldPath":"*","arrayConfig":"CONTAINS"}],"state":"READY"}]}}]}
[info] 
=== Functions Setup
[debug] [2024-08-19T16:31:42.001Z] > command requires scopes: ["email","openid","https://www.googleapis.com/auth/cloudplatformprojects.readonly","https://www.googleapis.com/auth/firebase","https://www.googleapis.com/auth/cloud-platform"]
[debug] [2024-08-19T16:31:42.001Z] > authorizing via signed-in user (sisu.majala@gmail.com)
[debug] [2024-08-19T16:31:42.001Z] [iam] checking project dreamlog-7dff3 for permissions ["firebase.projects.get"]
[debug] [2024-08-19T16:31:42.001Z] >>> [apiv2][query] POST https://cloudresourcemanager.googleapis.com/v1/projects/dreamlog-7dff3:testIamPermissions [none]
[debug] [2024-08-19T16:31:42.001Z] >>> [apiv2][(partial)header] POST https://cloudresourcemanager.googleapis.com/v1/projects/dreamlog-7dff3:testIamPermissions x-goog-quota-user=projects/dreamlog-7dff3
[debug] [2024-08-19T16:31:42.001Z] >>> [apiv2][body] POST https://cloudresourcemanager.googleapis.com/v1/projects/dreamlog-7dff3:testIamPermissions {"permissions":["firebase.projects.get"]}
[debug] [2024-08-19T16:31:42.744Z] <<< [apiv2][status] POST https://cloudresourcemanager.googleapis.com/v1/projects/dreamlog-7dff3:testIamPermissions 200
[debug] [2024-08-19T16:31:42.744Z] <<< [apiv2][body] POST https://cloudresourcemanager.googleapis.com/v1/projects/dreamlog-7dff3:testIamPermissions {"permissions":["firebase.projects.get"]}
[debug] [2024-08-19T16:31:42.744Z] >>> [apiv2][query] GET https://serviceusage.googleapis.com/v1/projects/dreamlog-7dff3/services/cloudfunctions.googleapis.com [none]
[debug] [2024-08-19T16:31:42.744Z] >>> [apiv2][(partial)header] GET https://serviceusage.googleapis.com/v1/projects/dreamlog-7dff3/services/cloudfunctions.googleapis.com x-goog-quota-user=projects/dreamlog-7dff3
[debug] [2024-08-19T16:31:42.745Z] >>> [apiv2][query] GET https://serviceusage.googleapis.com/v1/projects/dreamlog-7dff3/services/runtimeconfig.googleapis.com [none]
[debug] [2024-08-19T16:31:42.745Z] >>> [apiv2][(partial)header] GET https://serviceusage.googleapis.com/v1/projects/dreamlog-7dff3/services/runtimeconfig.googleapis.com x-goog-quota-user=projects/dreamlog-7dff3
[debug] [2024-08-19T16:31:43.643Z] <<< [apiv2][status] GET https://serviceusage.googleapis.com/v1/projects/dreamlog-7dff3/services/runtimeconfig.googleapis.com 200
[debug] [2024-08-19T16:31:43.643Z] <<< [apiv2][body] GET https://serviceusage.googleapis.com/v1/projects/dreamlog-7dff3/services/runtimeconfig.googleapis.com [omitted]
[debug] [2024-08-19T16:31:43.683Z] <<< [apiv2][status] GET https://serviceusage.googleapis.com/v1/projects/dreamlog-7dff3/services/cloudfunctions.googleapis.com 200
[debug] [2024-08-19T16:31:43.683Z] <<< [apiv2][body] GET https://serviceusage.googleapis.com/v1/projects/dreamlog-7dff3/services/cloudfunctions.googleapis.com [omitted]
[info] Let's create a new codebase for your functions.
[info] A directory corresponding to the codebase will be created in your project
[info] with sample code pre-configured.

[info] See https://firebase.google.com/docs/functions/organize-functions for
[info] more information on organizing your functions using codebases.

[info] Functions can be deployed with firebase deploy.

[info] +  Wrote functions/package.json 
[info] +  Wrote functions/.eslintrc.js 
[info] +  Wrote functions/index.js 
[info] +  Wrote functions/.gitignore 
[info] 
=== Hosting Setup
[debug] [2024-08-19T16:32:12.917Z] >>> [apiv2][query] GET https://firebase.googleapis.com/v1beta1/projects/dreamlog-7dff3 [none]
[debug] [2024-08-19T16:32:13.147Z] <<< [apiv2][status] GET https://firebase.googleapis.com/v1beta1/projects/dreamlog-7dff3 200
[debug] [2024-08-19T16:32:13.147Z] <<< [apiv2][body] GET https://firebase.googleapis.com/v1beta1/projects/dreamlog-7dff3 {"projectId":"dreamlog-7dff3","projectNumber":"5989316723","displayName":"DreamLog","name":"projects/dreamlog-7dff3","resources":{"hostingSite":"dreamlog-7dff3","realtimeDatabaseInstance":"dreamlog-7dff3-default-rtdb"},"state":"ACTIVE","etag":"1_4c0c41b0-8cea-4314-8382-f81f04d9f2e3"}
[info] 
[info] Your public directory is the folder (relative to your project directory) that
[info] will contain Hosting assets to be uploaded with firebase deploy. If you
[info] have a build process for your assets, use your build's output directory.
[info] 
[debug] [2024-08-19T16:33:12.942Z] >>> [apiv2][query] GET https://www.gstatic.com/firebasejs/releases.json [none]
[debug] [2024-08-19T16:33:12.983Z] <<< [apiv2][status] GET https://www.gstatic.com/firebasejs/releases.json 200
[debug] [2024-08-19T16:33:12.983Z] <<< [apiv2][body] GET https://www.gstatic.com/firebasejs/releases.json {"current":{"version":"10.13.0","browserURL":"https://www.gstatic.com/firebasejs/10.13.0/firebase.js","packageURL":"https://www.gstatic.com/firebasejs/10.13.0/firebase.tgz"},"live":{"version":"10.13","browserURL":"https://www.gstatic.com/firebasejs/live/10.13/firebase.js","packageURL":"https://www.gstatic.com/firebasejs/live/10.13/firebase.tgz"},"components":{"analytics":"https://www.gstatic.com/firebasejs/10.13.0/firebase-analytics.js","app":"https://www.gstatic.com/firebasejs/10.13.0/firebase-app.js","app-check":"https://www.gstatic.com/firebasejs/10.13.0/firebase-app-check.js","auth":"https://www.gstatic.com/firebasejs/10.13.0/firebase-auth.js","auth/cordova":"https://www.gstatic.com/firebasejs/10.13.0/firebase-auth/cordova.js","auth/web-extension":"https://www.gstatic.com/firebasejs/10.13.0/firebase-auth/web-extension.js","functions":"https://www.gstatic.com/firebasejs/10.13.0/firebase-functions.js","firestore":"https://www.gstatic.com/firebasejs/10.13.0/firebase-firestore.js","firestore/lite":"https://www.gstatic.com/firebasejs/10.13.0/firebase-firestore/lite.js","installations":"https://www.gstatic.com/firebasejs/10.13.0/firebase-installations.js","storage":"https://www.gstatic.com/firebasejs/10.13.0/firebase-storage.js","performance":"https://www.gstatic.com/firebasejs/10.13.0/firebase-performance.js","remote-config":"https://www.gstatic.com/firebasejs/10.13.0/firebase-remote-config.js","messaging":"https://www.gstatic.com/firebasejs/10.13.0/firebase-messaging.js","messaging/sw":"https://www.gstatic.com/firebasejs/10.13.0/firebase-messaging/sw.js","database":"https://www.gstatic.com/firebasejs/10.13.0/firebase-database.js","vertexai-preview":"https://www.gstatic.com/firebasejs/10.13.0/firebase-vertexai-preview.js","firestore.memory":"https://www.gstatic.com/firebasejs/10.13.0/firebase-firestore.memory.js"}}
[info] +  Wrote public/index.html 
[info] 
[info] i  Didn't detect a .git folder. Assuming C:\Users\sisum\OneDrive\Työpöytä\unto-project is the project root. 
[info] i  Authorizing with GitHub to upload your service account to a GitHub repository's secrets store. 
[info] 
[info] Visit this URL on this device to log in:
[info] https://github.com/login/oauth/authorize?client_id=89cf50f02ac6aaed3484&state=435004494&redirect_uri=http%3A%2F%2Flocalhost%3A9005&scope=read%3Auser%20repo%20public_repo
[info] 
[info] Waiting for authentication...
[debug] [2024-08-19T16:33:13.583Z] >>> [apiv2][query] POST https://github.com/login/oauth/access_token [none]
[debug] [2024-08-19T16:33:13.583Z] >>> [apiv2][body] POST https://github.com/login/oauth/access_token [stream]
[debug] [2024-08-19T16:33:13.901Z] <<< [apiv2][status] POST https://github.com/login/oauth/access_token 200
[debug] [2024-08-19T16:33:13.902Z] <<< [apiv2][body] POST https://github.com/login/oauth/access_token {"access_token":"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","token_type":"bearer","scope":"read:user,repo"}
[debug] [2024-08-19T16:33:13.904Z] >>> [apiv2][query] GET https://api.github.com/user [none]
[debug] [2024-08-19T16:33:14.260Z] <<< [apiv2][status] GET https://api.github.com/user 200
[debug] [2024-08-19T16:33:14.260Z] <<< [apiv2][body] GET https://api.github.com/user {"login":"skruiBa","id":144655809,"node_id":"U_kgDOCJ9FwQ","avatar_url":"https://avatars.githubusercontent.com/u/144655809?v=4","gravatar_id":"","url":"https://api.github.com/users/skruiBa","html_url":"https://github.com/skruiBa","followers_url":"https://api.github.com/users/skruiBa/followers","following_url":"https://api.github.com/users/skruiBa/following{/other_user}","gists_url":"https://api.github.com/users/skruiBa/gists{/gist_id}","starred_url":"https://api.github.com/users/skruiBa/starred{/owner}{/repo}","subscriptions_url":"https://api.github.com/users/skruiBa/subscriptions","organizations_url":"https://api.github.com/users/skruiBa/orgs","repos_url":"https://api.github.com/users/skruiBa/repos","events_url":"https://api.github.com/users/skruiBa/events{/privacy}","received_events_url":"https://api.github.com/users/skruiBa/received_events","type":"User","site_admin":false,"name":null,"company":null,"blog":"","location":null,"email":null,"hireable":null,"bio":null,"twitter_username":null,"notification_email":null,"public_repos":0,"public_gists":0,"followers":0,"following":1,"created_at":"2023-09-11T06:14:39Z","updated_at":"2024-07-24T19:57:19Z","private_gists":0,"total_private_repos":4,"owned_private_repos":4,"disk_usage":72783,"collaborators":0,"two_factor_authentication":false,"plan":{"name":"free","space":976562499,"collaborators":0,"private_repos":10000}}
[info] 
[info] +  Success! Logged into GitHub as skruiBa 
[info] 
